2011/03/23 02:46:35 [error] [exception.CException] exception 'CException' with message 'Property "FileController.file" is not defined.' in C:\var\dev\fm\lib\yii\base\CComponent.php:173
Stack trace:
#0 C:\var\dev\fm\protected\controllers\FileController.php(125): CComponent->__set('file', Resource id #35)
#1 C:\var\dev\fm\protected\controllers\FileController.php(317): FileController->makeFile('C:\var\dev\fm\u...')
#2 C:\var\dev\fm\lib\yii\web\actions\CInlineAction.php(32): FileController->actionMkFile()
#3 C:\var\dev\fm\lib\yii\web\CController.php(300): CInlineAction->run()
#4 C:\var\dev\fm\lib\yii\web\filters\CFilterChain.php(129): CController->runAction(Object(CInlineAction))
#5 C:\var\dev\fm\lib\yii\web\filters\CFilter.php(41): CFilterChain->run()
#6 C:\var\dev\fm\lib\yii\web\CController.php(983): CFilter->filter(Object(CFilterChain))
#7 C:\var\dev\fm\lib\yii\web\filters\CInlineFilter.php(59): CController->filterAccessControl(Object(CFilterChain))
#8 C:\var\dev\fm\lib\yii\web\filters\CFilterChain.php(126): CInlineFilter->filter(Object(CFilterChain))
#9 C:\var\dev\fm\lib\yii\web\CController.php(283): CFilterChain->run()
#10 C:\var\dev\fm\lib\yii\web\CController.php(257): CController->runActionWithFilters(Object(CInlineAction), Array)
#11 C:\var\dev\fm\lib\yii\web\CWebApplication.php(320): CController->run('mkfile')
#12 C:\var\dev\fm\lib\yii\web\CWebApplication.php(120): CWebApplication->runController('file/mkfile')
#13 C:\var\dev\fm\lib\yii\base\CApplication.php(135): CWebApplication->processRequest()
#14 C:\var\dev\fm\index.php(13): CApplication->run()
#15 {main} REQUEST_URI=/index.php/file/mkfile?path=%2F123
2011/03/23 11:57:08 [error] [php] substr_count() [<a href='function.substr-count'>function.substr-count</a>]: Empty substring (C:\var\dev\fm\protected\controllers\FileController.php:249)
Stack trace:
#0 C:\var\dev\fm\lib\yii\web\CController.php(300): CInlineAction->run()
#1 C:\var\dev\fm\lib\yii\web\filters\CFilterChain.php(129): FileController->runAction()
#2 C:\var\dev\fm\lib\yii\web\filters\CFilter.php(41): CFilterChain->run()
#3 C:\var\dev\fm\lib\yii\web\CController.php(983): CAccessControlFilter->filter()
#4 C:\var\dev\fm\lib\yii\web\filters\CInlineFilter.php(59): FileController->filterAccessControl()
#5 C:\var\dev\fm\lib\yii\web\filters\CFilterChain.php(126): CInlineFilter->filter()
#6 C:\var\dev\fm\lib\yii\web\CController.php(283): CFilterChain->run()
#7 C:\var\dev\fm\lib\yii\web\CController.php(257): FileController->runActionWithFilters()
#8 C:\var\dev\fm\lib\yii\web\CWebApplication.php(320): FileController->run()
#9 C:\var\dev\fm\lib\yii\web\CWebApplication.php(120): CWebApplication->runController()
#10 C:\var\dev\fm\lib\yii\base\CApplication.php(135): CWebApplication->processRequest()
#11 C:\var\dev\fm\index.php(13): CWebApplication->run()
REQUEST_URI=/index.php/file/manager
2011/03/23 12:20:56 [error] [php] scandir(C:\var\dev\fm\protected\controllers/user_work_directories/default) [<a href='function.scandir'>function.scandir</a>]: failed to open dir: No error (C:\var\dev\fm\protected\controllers\FileController.php:218)
Stack trace:
#0 C:\var\dev\fm\lib\yii\web\actions\CInlineAction.php(32): FileController->actionManager()
#1 C:\var\dev\fm\lib\yii\web\CController.php(300): CInlineAction->run()
#2 C:\var\dev\fm\lib\yii\web\filters\CFilterChain.php(129): FileController->runAction()
#3 C:\var\dev\fm\lib\yii\web\filters\CFilter.php(41): CFilterChain->run()
#4 C:\var\dev\fm\lib\yii\web\CController.php(983): CAccessControlFilter->filter()
#5 C:\var\dev\fm\lib\yii\web\filters\CInlineFilter.php(59): FileController->filterAccessControl()
#6 C:\var\dev\fm\lib\yii\web\filters\CFilterChain.php(126): CInlineFilter->filter()
#7 C:\var\dev\fm\lib\yii\web\CController.php(283): CFilterChain->run()
#8 C:\var\dev\fm\lib\yii\web\CController.php(257): FileController->runActionWithFilters()
#9 C:\var\dev\fm\lib\yii\web\CWebApplication.php(320): FileController->run()
#10 C:\var\dev\fm\lib\yii\web\CWebApplication.php(120): CWebApplication->runController()
#11 C:\var\dev\fm\lib\yii\base\CApplication.php(135): CWebApplication->processRequest()
#12 C:\var\dev\fm\index.php(13): CWebApplication->run()
REQUEST_URI=/index.php/file/manager
2011/03/23 12:33:14 [error] [php] Undefined variable: Archive (C:\var\dev\fm\protected\controllers\FileController.php:76)
Stack trace:
#0 C:\var\dev\fm\lib\yii\web\actions\CInlineAction.php(32): FileController->actionDownload()
#1 C:\var\dev\fm\lib\yii\web\CController.php(300): CInlineAction->run()
#2 C:\var\dev\fm\lib\yii\web\filters\CFilterChain.php(129): FileController->runAction()
#3 C:\var\dev\fm\lib\yii\web\filters\CFilter.php(41): CFilterChain->run()
#4 C:\var\dev\fm\lib\yii\web\CController.php(983): CAccessControlFilter->filter()
#5 C:\var\dev\fm\lib\yii\web\filters\CInlineFilter.php(59): FileController->filterAccessControl()
#6 C:\var\dev\fm\lib\yii\web\filters\CFilterChain.php(126): CInlineFilter->filter()
#7 C:\var\dev\fm\lib\yii\web\CController.php(283): CFilterChain->run()
#8 C:\var\dev\fm\lib\yii\web\CController.php(257): FileController->runActionWithFilters()
#9 C:\var\dev\fm\lib\yii\web\CWebApplication.php(320): FileController->run()
#10 C:\var\dev\fm\lib\yii\web\CWebApplication.php(120): CWebApplication->runController()
#11 C:\var\dev\fm\lib\yii\base\CApplication.php(135): CWebApplication->processRequest()
#12 C:\var\dev\fm\index.php(13): CWebApplication->run()
REQUEST_URI=/index.php/file/download?path=/22
